mode: atomic
github.com/LEI/dot/pkg/ostype/ostype.go:28.13,31.2 1 1
github.com/LEI/dot/pkg/ostype/ostype.go:51.21,56.41 5 1
github.com/LEI/dot/pkg/ostype/ostype.go:63.2,63.20 1 1
github.com/LEI/dot/pkg/ostype/ostype.go:68.2,68.29 1 1
github.com/LEI/dot/pkg/ostype/ostype.go:71.2,72.14 2 1
github.com/LEI/dot/pkg/ostype/ostype.go:56.41,58.3 1 0
github.com/LEI/dot/pkg/ostype/ostype.go:58.8,58.21 1 1
github.com/LEI/dot/pkg/ostype/ostype.go:58.21,60.3 1 0
github.com/LEI/dot/pkg/ostype/ostype.go:60.8,60.23 1 1
github.com/LEI/dot/pkg/ostype/ostype.go:60.23,62.3 1 0
github.com/LEI/dot/pkg/ostype/ostype.go:63.20,64.51 1 0
github.com/LEI/dot/pkg/ostype/ostype.go:64.51,66.4 1 0
github.com/LEI/dot/pkg/ostype/ostype.go:68.29,70.3 1 0
github.com/LEI/dot/pkg/ostype/ostype.go:75.27,78.2 2 0
github.com/LEI/dot/pkg/ostype/ostype.go:81.28,83.2 1 13
github.com/LEI/dot/pkg/ostype/ostype.go:85.47,86.18 1 13
github.com/LEI/dot/pkg/ostype/ostype.go:89.2,90.29 2 12
github.com/LEI/dot/pkg/ostype/ostype.go:116.2,116.19 1 3
github.com/LEI/dot/pkg/ostype/ostype.go:121.2,121.14 1 1
github.com/LEI/dot/pkg/ostype/ostype.go:86.18,88.3 1 1
github.com/LEI/dot/pkg/ostype/ostype.go:90.29,92.14 2 15
github.com/LEI/dot/pkg/ostype/ostype.go:95.3,95.28 1 15
github.com/LEI/dot/pkg/ostype/ostype.go:110.3,110.14 1 6
github.com/LEI/dot/pkg/ostype/ostype.go:92.14,94.4 1 9
github.com/LEI/dot/pkg/ostype/ostype.go:95.28,97.18 2 15
github.com/LEI/dot/pkg/ostype/ostype.go:101.4,101.26 1 15
github.com/LEI/dot/pkg/ostype/ostype.go:105.4,105.15 1 10
github.com/LEI/dot/pkg/ostype/ostype.go:97.18,100.5 2 0
github.com/LEI/dot/pkg/ostype/ostype.go:101.26,104.5 1 5
github.com/LEI/dot/pkg/ostype/ostype.go:105.15,108.5 1 4
github.com/LEI/dot/pkg/ostype/ostype.go:110.14,114.4 1 4
github.com/LEI/dot/pkg/ostype/ostype.go:116.19,119.3 1 2
github.com/LEI/dot/pkg/ostype/ostype.go:154.29,157.16 3 1
github.com/LEI/dot/pkg/ostype/ostype.go:161.2,161.26 1 1
github.com/LEI/dot/pkg/ostype/ostype.go:210.2,210.16 1 1
github.com/LEI/dot/pkg/ostype/ostype.go:157.16,160.3 2 0
github.com/LEI/dot/pkg/ostype/ostype.go:161.26,162.48 1 0
github.com/LEI/dot/pkg/ostype/ostype.go:162.48,164.12 1 0
github.com/LEI/dot/pkg/ostype/ostype.go:213.40,215.48 2 1
github.com/LEI/dot/pkg/ostype/ostype.go:232.2,232.14 1 1
github.com/LEI/dot/pkg/ostype/ostype.go:215.48,217.3 1 0
github.com/LEI/dot/pkg/ostype/ostype.go:217.8,220.17 2 1
github.com/LEI/dot/pkg/ostype/ostype.go:223.3,223.19 1 1
github.com/LEI/dot/pkg/ostype/ostype.go:220.17,222.4 1 0
github.com/LEI/dot/pkg/ostype/ostype.go:223.19,226.31 3 1
github.com/LEI/dot/pkg/ostype/ostype.go:229.4,229.28 1 1
github.com/LEI/dot/pkg/ostype/ostype.go:226.31,228.5 1 1
github.com/LEI/dot/system/file.go:13.31,17.2 2 10
github.com/LEI/dot/system/file.go:20.39,22.35 2 1
github.com/LEI/dot/system/file.go:25.2,25.15 1 1
github.com/LEI/dot/system/file.go:28.2,28.24 1 1
github.com/LEI/dot/system/file.go:22.35,24.3 1 0
github.com/LEI/dot/system/file.go:25.15,27.3 1 0
github.com/LEI/dot/system/file.go:32.31,36.12 1 0
github.com/LEI/dot/system/file.go:39.2,39.39 1 0
github.com/LEI/dot/system/file.go:42.2,42.42 1 0
github.com/LEI/dot/system/file.go:45.2,45.12 1 0
github.com/LEI/dot/system/file.go:36.12,38.3 1 0
github.com/LEI/dot/system/file.go:39.39,41.3 1 0
github.com/LEI/dot/system/file.go:42.42,44.3 1 0
github.com/LEI/dot/system/line.go:11.41,12.19 1 0
github.com/LEI/dot/system/line.go:15.2,16.16 2 0
github.com/LEI/dot/system/line.go:19.2,19.26 1 0
github.com/LEI/dot/system/line.go:24.2,24.12 1 0
github.com/LEI/dot/system/line.go:12.19,14.3 1 0
github.com/LEI/dot/system/line.go:16.16,18.3 1 0
github.com/LEI/dot/system/line.go:19.26,20.32 1 0
github.com/LEI/dot/system/line.go:20.32,22.4 1 0
github.com/LEI/dot/system/line.go:28.48,30.18 2 0
github.com/LEI/dot/system/line.go:37.2,39.12 3 0
github.com/LEI/dot/system/line.go:42.2,42.73 1 0
github.com/LEI/dot/system/line.go:45.2,45.12 1 0
github.com/LEI/dot/system/line.go:30.18,32.17 2 0
github.com/LEI/dot/system/line.go:32.17,34.4 1 0
github.com/LEI/dot/system/line.go:39.12,41.3 1 0
github.com/LEI/dot/system/line.go:42.73,44.3 1 0
github.com/LEI/dot/system/line.go:49.42,54.16 2 0
github.com/LEI/dot/system/line.go:60.2,61.26 2 0
github.com/LEI/dot/system/line.go:67.2,67.15 1 0
github.com/LEI/dot/system/line.go:71.2,73.12 3 0
github.com/LEI/dot/system/line.go:76.2,76.73 1 0
github.com/LEI/dot/system/line.go:79.2,79.12 1 0
github.com/LEI/dot/system/line.go:54.16,56.3 1 0
github.com/LEI/dot/system/line.go:61.26,62.32 1 0
github.com/LEI/dot/system/line.go:62.32,64.9 2 0
github.com/LEI/dot/system/line.go:67.15,69.3 1 0
github.com/LEI/dot/system/line.go:73.12,75.3 1 0
github.com/LEI/dot/system/line.go:76.73,78.3 1 0
github.com/LEI/dot/system/line.go:82.56,86.35 3 0
github.com/LEI/dot/system/line.go:89.2,89.15 1 0
github.com/LEI/dot/system/line.go:92.2,92.8 1 0
github.com/LEI/dot/system/line.go:86.35,88.3 1 0
github.com/LEI/dot/system/line.go:89.15,91.3 1 0
github.com/LEI/dot/system/symlink.go:9.42,14.18 1 0
github.com/LEI/dot/system/symlink.go:18.2,18.18 1 0
github.com/LEI/dot/system/symlink.go:22.2,23.16 2 0
github.com/LEI/dot/system/symlink.go:26.2,26.20 1 0
github.com/LEI/dot/system/symlink.go:29.2,30.16 2 0
github.com/LEI/dot/system/symlink.go:33.2,33.16 1 0
github.com/LEI/dot/system/symlink.go:36.2,36.17 1 0
github.com/LEI/dot/system/symlink.go:39.2,39.28 1 0
github.com/LEI/dot/system/symlink.go:14.18,17.3 1 0
github.com/LEI/dot/system/symlink.go:18.18,21.3 1 0
github.com/LEI/dot/system/symlink.go:23.16,25.3 1 0
github.com/LEI/dot/system/symlink.go:26.20,28.3 1 0
github.com/LEI/dot/system/symlink.go:30.16,32.3 1 0
github.com/LEI/dot/system/symlink.go:33.16,35.3 1 0
github.com/LEI/dot/system/symlink.go:36.17,38.3 1 0
github.com/LEI/dot/system/symlink.go:44.37,48.12 1 0
github.com/LEI/dot/system/symlink.go:51.2,51.29 1 0
github.com/LEI/dot/system/symlink.go:48.12,50.3 1 0
github.com/LEI/dot/system/symlink.go:55.31,59.12 1 0
github.com/LEI/dot/system/symlink.go:62.2,62.23 1 0
github.com/LEI/dot/system/symlink.go:59.12,61.3 1 0
github.com/LEI/dot/system/symlink.go:66.37,68.2 1 0
github.com/LEI/dot/system/system.go:58.31,60.2 1 0
github.com/LEI/dot/system/system.go:63.25,65.46 2 0
github.com/LEI/dot/system/system.go:68.2,68.12 1 0
github.com/LEI/dot/system/system.go:65.46,67.3 1 0
github.com/LEI/dot/system/template.go:22.29,24.4 1 0
github.com/LEI/dot/system/template.go:26.36,27.24 1 0
github.com/LEI/dot/system/template.go:30.4,30.13 1 0
github.com/LEI/dot/system/template.go:27.24,29.5 1 0
github.com/LEI/dot/system/template.go:32.36,33.24 1 0
github.com/LEI/dot/system/template.go:36.4,36.13 1 0
github.com/LEI/dot/system/template.go:33.24,35.5 1 0
github.com/LEI/dot/system/template.go:39.45,41.11 2 0
github.com/LEI/dot/system/template.go:44.4,44.27 1 0
github.com/LEI/dot/system/template.go:41.11,43.5 1 0
github.com/LEI/dot/system/template.go:49.35,50.61 1 0
github.com/LEI/dot/system/template.go:53.2,53.25 1 0
github.com/LEI/dot/system/template.go:50.61,52.3 1 0
github.com/LEI/dot/system/template.go:57.72,59.16 2 0
github.com/LEI/dot/system/template.go:62.2,62.17 1 0
github.com/LEI/dot/system/template.go:75.2,75.12 1 0
github.com/LEI/dot/system/template.go:59.16,61.3 1 0
github.com/LEI/dot/system/template.go:62.17,64.17 2 0
github.com/LEI/dot/system/template.go:67.3,67.9 1 0
github.com/LEI/dot/system/template.go:70.3,71.49 2 0
github.com/LEI/dot/system/template.go:64.17,66.4 1 0
github.com/LEI/dot/system/template.go:67.9,69.4 1 0
github.com/LEI/dot/system/template.go:71.49,73.4 1 0
github.com/LEI/dot/system/template.go:79.79,81.16 2 0
github.com/LEI/dot/system/template.go:84.2,84.12 1 0
github.com/LEI/dot/system/template.go:87.2,87.73 1 0
github.com/LEI/dot/system/template.go:90.2,90.12 1 0
github.com/LEI/dot/system/template.go:81.16,83.3 1 0
github.com/LEI/dot/system/template.go:84.12,86.3 1 0
github.com/LEI/dot/system/template.go:87.73,89.3 1 0
github.com/LEI/dot/system/template.go:94.73,99.12 1 0
github.com/LEI/dot/system/template.go:102.2,106.12 2 0
github.com/LEI/dot/system/template.go:99.12,101.3 1 0
github.com/LEI/dot/system/template.go:110.74,111.35 1 0
github.com/LEI/dot/system/template.go:114.2,115.16 2 0
github.com/LEI/dot/system/template.go:121.2,121.53 1 0
github.com/LEI/dot/system/template.go:124.2,124.18 1 0
github.com/LEI/dot/system/template.go:111.35,113.3 1 0
github.com/LEI/dot/system/template.go:115.16,116.25 1 0
github.com/LEI/dot/system/template.go:119.3,119.19 1 0
github.com/LEI/dot/system/template.go:116.25,118.4 1 0
github.com/LEI/dot/system/template.go:121.53,123.3 1 0
github.com/LEI/dot/system/template.go:128.96,129.13 1 0
github.com/LEI/dot/system/template.go:132.2,134.35 3 0
github.com/LEI/dot/system/template.go:137.2,138.16 2 0
github.com/LEI/dot/system/template.go:141.2,143.16 3 0
github.com/LEI/dot/system/template.go:146.2,147.15 2 0
github.com/LEI/dot/system/template.go:129.13,131.3 1 0
github.com/LEI/dot/system/template.go:134.35,136.3 1 0
github.com/LEI/dot/system/template.go:138.16,140.3 1 0
github.com/LEI/dot/system/template.go:143.16,145.3 1 0
github.com/LEI/dot/system/template.go:151.62,153.16 2 0
github.com/LEI/dot/system/template.go:162.2,164.35 3 0
github.com/LEI/dot/system/template.go:167.2,167.45 1 0
github.com/LEI/dot/system/template.go:174.2,176.16 3 0
github.com/LEI/dot/system/template.go:180.2,180.37 1 0
github.com/LEI/dot/system/template.go:153.16,155.3 1 0
github.com/LEI/dot/system/template.go:164.35,166.3 1 0
github.com/LEI/dot/system/template.go:167.45,169.3 1 0
github.com/LEI/dot/system/template.go:176.16,178.3 1 0
github.com/LEI/dot/system/template.go:183.72,186.16 3 0
github.com/LEI/dot/system/template.go:189.2,190.16 2 0
github.com/LEI/dot/system/template.go:193.2,193.47 1 0
github.com/LEI/dot/system/template.go:196.2,196.26 1 0
github.com/LEI/dot/system/template.go:186.16,188.3 1 0
github.com/LEI/dot/system/template.go:190.16,192.3 1 0
github.com/LEI/dot/system/template.go:193.47,195.3 1 0
github.com/LEI/dot/system/template.go:199.41,204.16 3 0
github.com/LEI/dot/system/template.go:207.2,211.40 5 0
github.com/LEI/dot/system/template.go:214.2,219.12 5 0
github.com/LEI/dot/system/template.go:204.16,206.3 1 0
github.com/LEI/dot/system/template.go:211.40,213.3 1 0
github.com/LEI/dot/system/copy.go:10.39,15.18 1 0
github.com/LEI/dot/system/copy.go:19.2,19.18 1 0
github.com/LEI/dot/system/copy.go:23.2,24.16 2 0
github.com/LEI/dot/system/copy.go:27.2,27.9 1 0
github.com/LEI/dot/system/copy.go:30.2,30.28 1 0
github.com/LEI/dot/system/copy.go:15.18,18.3 1 0
github.com/LEI/dot/system/copy.go:19.18,22.3 1 0
github.com/LEI/dot/system/copy.go:24.16,26.3 1 0
github.com/LEI/dot/system/copy.go:27.9,29.3 1 0
github.com/LEI/dot/system/copy.go:34.34,38.12 1 0
github.com/LEI/dot/system/copy.go:41.2,42.16 2 0
github.com/LEI/dot/system/copy.go:45.2,47.16 3 0
github.com/LEI/dot/system/copy.go:50.2,57.43 2 0
github.com/LEI/dot/system/copy.go:60.2,60.35 1 0
github.com/LEI/dot/system/copy.go:63.2,63.24 1 0
github.com/LEI/dot/system/copy.go:38.12,40.3 1 0
github.com/LEI/dot/system/copy.go:42.16,44.3 1 0
github.com/LEI/dot/system/copy.go:47.16,49.3 1 0
github.com/LEI/dot/system/copy.go:57.43,59.3 1 0
github.com/LEI/dot/system/copy.go:60.35,62.3 1 0
github.com/LEI/dot/system/dir.go:15.33,17.35 2 2
github.com/LEI/dot/system/dir.go:20.2,20.29 1 2
github.com/LEI/dot/system/dir.go:25.2,25.12 1 1
github.com/LEI/dot/system/dir.go:17.35,19.3 1 0
github.com/LEI/dot/system/dir.go:20.29,22.3 1 1
github.com/LEI/dot/system/dir.go:22.8,22.22 1 1
github.com/LEI/dot/system/dir.go:22.22,24.3 1 0
github.com/LEI/dot/system/dir.go:29.34,33.12 1 1
github.com/LEI/dot/system/dir.go:36.2,36.34 1 1
github.com/LEI/dot/system/dir.go:33.12,35.3 1 0
github.com/LEI/dot/system/dir.go:40.34,44.12 1 1
github.com/LEI/dot/system/dir.go:47.2,47.23 1 1
github.com/LEI/dot/system/dir.go:44.12,46.3 1 0
github.com/LEI/dot/system/dir.go:51.44,53.16 2 1
github.com/LEI/dot/system/dir.go:56.2,58.19 3 1
github.com/LEI/dot/system/dir.go:61.2,61.19 1 0
github.com/LEI/dot/system/dir.go:53.16,55.3 1 0
github.com/LEI/dot/system/dir.go:58.19,60.3 1 1
github.com/LEI/dot/cli/config/tasks/task.go:26.13,29.2 2 1
github.com/LEI/dot/cli/config/tasks/task.go:47.23,49.2 1 0
github.com/LEI/dot/cli/config/tasks/task.go:52.37,54.2 1 0
github.com/LEI/dot/cli/config/tasks/task.go:57.36,59.2 1 0
github.com/LEI/dot/cli/config/tasks/task.go:69.33,72.16 2 0
github.com/LEI/dot/cli/config/tasks/task.go:75.2,76.23 2 0
github.com/LEI/dot/cli/config/tasks/task.go:84.2,84.19 1 0
github.com/LEI/dot/cli/config/tasks/task.go:87.2,87.12 1 0
github.com/LEI/dot/cli/config/tasks/task.go:72.16,74.3 1 0
github.com/LEI/dot/cli/config/tasks/task.go:76.23,80.35 1 0
github.com/LEI/dot/cli/config/tasks/task.go:80.35,82.4 1 0
github.com/LEI/dot/cli/config/tasks/task.go:84.19,86.3 1 0
github.com/LEI/dot/cli/config/tasks/task.go:91.35,94.16 2 0
github.com/LEI/dot/cli/config/tasks/task.go:97.2,97.23 1 0
github.com/LEI/dot/cli/config/tasks/task.go:109.2,109.12 1 0
github.com/LEI/dot/cli/config/tasks/task.go:94.16,96.3 1 0
github.com/LEI/dot/cli/config/tasks/task.go:97.23,99.14 2 0
github.com/LEI/dot/cli/config/tasks/task.go:100.12,101.15 1 0
github.com/LEI/dot/cli/config/tasks/task.go:102.16,104.12 1 0
github.com/LEI/dot/cli/config/tasks/task.go:105.11,106.14 1 0
github.com/LEI/dot/cli/config/tasks/task.go:113.34,116.16 2 0
github.com/LEI/dot/cli/config/tasks/task.go:119.2,119.23 1 0
github.com/LEI/dot/cli/config/tasks/task.go:131.2,131.12 1 0
github.com/LEI/dot/cli/config/tasks/task.go:116.16,118.3 1 0
github.com/LEI/dot/cli/config/tasks/task.go:119.23,121.14 2 0
github.com/LEI/dot/cli/config/tasks/task.go:122.12,123.15 1 0
github.com/LEI/dot/cli/config/tasks/task.go:124.16,126.12 1 0
github.com/LEI/dot/cli/config/tasks/task.go:127.11,128.14 1 0
github.com/LEI/dot/cli/config/tasks/task.go:135.48,137.33 2 0
github.com/LEI/dot/cli/config/tasks/task.go:141.2,146.25 3 0
github.com/LEI/dot/cli/config/tasks/task.go:149.2,149.16 1 0
github.com/LEI/dot/cli/config/tasks/task.go:137.33,139.3 1 0
github.com/LEI/dot/cli/config/tasks/task.go:146.25,148.3 1 0
github.com/LEI/dot/cli/config/tasks/template.go:29.36,31.2 1 0
github.com/LEI/dot/cli/config/tasks/template.go:34.59,36.26 2 0
github.com/LEI/dot/cli/config/tasks/template.go:48.2,48.25 1 0
github.com/LEI/dot/cli/config/tasks/template.go:58.2,58.27 1 0
github.com/LEI/dot/cli/config/tasks/template.go:61.2,61.18 1 0
github.com/LEI/dot/cli/config/tasks/template.go:36.26,38.3 1 0
github.com/LEI/dot/cli/config/tasks/template.go:48.25,50.17 2 0
github.com/LEI/dot/cli/config/tasks/template.go:53.3,53.30 1 0
github.com/LEI/dot/cli/config/tasks/template.go:50.17,52.4 1 0
github.com/LEI/dot/cli/config/tasks/template.go:53.30,56.4 1 0
github.com/LEI/dot/cli/config/tasks/template.go:58.27,60.3 1 0
github.com/LEI/dot/cli/config/tasks/template.go:65.34,66.20 1 0
github.com/LEI/dot/cli/config/tasks/template.go:69.2,70.16 2 0
github.com/LEI/dot/cli/config/tasks/template.go:73.2,74.13 2 0
github.com/LEI/dot/cli/config/tasks/template.go:80.2,80.12 1 0
github.com/LEI/dot/cli/config/tasks/template.go:66.20,68.3 1 0
github.com/LEI/dot/cli/config/tasks/template.go:70.16,72.3 1 0
github.com/LEI/dot/cli/config/tasks/template.go:75.38,76.11 1 0
github.com/LEI/dot/cli/config/tasks/template.go:77.10,78.13 1 0
github.com/LEI/dot/cli/config/tasks/template.go:84.36,86.24 2 0
github.com/LEI/dot/cli/config/tasks/template.go:92.2,94.16 3 0
github.com/LEI/dot/cli/config/tasks/template.go:98.2,98.56 1 0
github.com/LEI/dot/cli/config/tasks/template.go:86.24,87.18 1 0
github.com/LEI/dot/cli/config/tasks/template.go:90.3,90.17 1 0
github.com/LEI/dot/cli/config/tasks/template.go:87.18,89.4 1 0
github.com/LEI/dot/cli/config/tasks/template.go:94.16,96.3 1 0
github.com/LEI/dot/cli/config/tasks/template.go:102.35,104.23 2 0
github.com/LEI/dot/cli/config/tasks/template.go:110.2,112.16 3 0
github.com/LEI/dot/cli/config/tasks/template.go:116.2,116.56 1 0
github.com/LEI/dot/cli/config/tasks/template.go:104.23,105.18 1 0
github.com/LEI/dot/cli/config/tasks/template.go:108.3,108.17 1 0
github.com/LEI/dot/cli/config/tasks/template.go:105.18,107.4 1 0
github.com/LEI/dot/cli/config/tasks/template.go:112.16,114.3 1 0
github.com/LEI/dot/cli/config/tasks/template.go:122.45,132.2 1 0
github.com/LEI/dot/cli/config/tasks/template.go:135.56,138.16 3 0
github.com/LEI/dot/cli/config/tasks/template.go:141.2,141.23 1 0
github.com/LEI/dot/cli/config/tasks/template.go:159.2,160.12 2 0
github.com/LEI/dot/cli/config/tasks/template.go:138.16,140.3 1 0
github.com/LEI/dot/cli/config/tasks/template.go:141.23,143.26 2 0
github.com/LEI/dot/cli/config/tasks/template.go:156.3,156.13 1 0
github.com/LEI/dot/cli/config/tasks/template.go:144.15,146.18 2 0
github.com/LEI/dot/cli/config/tasks/template.go:147.19,148.32 1 0
github.com/LEI/dot/cli/config/tasks/template.go:149.36,150.32 1 0
github.com/LEI/dot/cli/config/tasks/template.go:151.20,152.23 1 0
github.com/LEI/dot/cli/config/tasks/template.go:153.11,154.55 1 0
github.com/LEI/dot/cli/config/tasks/template.go:164.45,165.17 1 0
github.com/LEI/dot/cli/config/tasks/template.go:168.2,168.77 1 0
github.com/LEI/dot/cli/config/tasks/template.go:171.2,171.37 1 0
github.com/LEI/dot/cli/config/tasks/template.go:165.17,167.3 1 0
github.com/LEI/dot/cli/config/tasks/template.go:168.77,170.3 1 0
github.com/LEI/dot/cli/config/tasks/copy.go:16.32,18.2 1 0
github.com/LEI/dot/cli/config/tasks/copy.go:21.30,22.20 1 0
github.com/LEI/dot/cli/config/tasks/copy.go:25.2,26.13 2 0
github.com/LEI/dot/cli/config/tasks/copy.go:32.2,32.12 1 0
github.com/LEI/dot/cli/config/tasks/copy.go:22.20,24.3 1 0
github.com/LEI/dot/cli/config/tasks/copy.go:27.34,28.11 1 0
github.com/LEI/dot/cli/config/tasks/copy.go:29.10,30.13 1 0
github.com/LEI/dot/cli/config/tasks/copy.go:36.32,38.24 2 0
github.com/LEI/dot/cli/config/tasks/copy.go:44.2,45.40 2 0
github.com/LEI/dot/cli/config/tasks/copy.go:38.24,39.18 1 0
github.com/LEI/dot/cli/config/tasks/copy.go:42.3,42.17 1 0
github.com/LEI/dot/cli/config/tasks/copy.go:39.18,41.4 1 0
github.com/LEI/dot/cli/config/tasks/copy.go:49.31,51.23 2 0
github.com/LEI/dot/cli/config/tasks/copy.go:57.2,58.32 2 0
github.com/LEI/dot/cli/config/tasks/copy.go:51.23,52.18 1 0
github.com/LEI/dot/cli/config/tasks/copy.go:55.3,55.17 1 0
github.com/LEI/dot/cli/config/tasks/copy.go:52.18,54.4 1 0
github.com/LEI/dot/cli/config/tasks/copy.go:64.37,74.2 1 0
github.com/LEI/dot/cli/config/tasks/copy.go:77.48,80.16 3 0
github.com/LEI/dot/cli/config/tasks/copy.go:83.2,83.23 1 0
github.com/LEI/dot/cli/config/tasks/copy.go:91.2,92.12 2 0
github.com/LEI/dot/cli/config/tasks/copy.go:80.16,82.3 1 0
github.com/LEI/dot/cli/config/tasks/copy.go:83.23,90.3 2 0
github.com/LEI/dot/cli/config/tasks/copy.go:96.33,98.2 1 0
github.com/LEI/dot/cli/config/tasks/dir.go:16.37,18.2 1 0
github.com/LEI/dot/cli/config/tasks/dir.go:21.29,22.18 1 1
github.com/LEI/dot/cli/config/tasks/dir.go:25.2,26.13 2 1
github.com/LEI/dot/cli/config/tasks/dir.go:32.2,32.12 1 0
github.com/LEI/dot/cli/config/tasks/dir.go:22.18,24.3 1 0
github.com/LEI/dot/cli/config/tasks/dir.go:27.33,28.11 1 0
github.com/LEI/dot/cli/config/tasks/dir.go:29.10,30.13 1 1
github.com/LEI/dot/cli/config/tasks/dir.go:36.31,38.24 2 0
github.com/LEI/dot/cli/config/tasks/dir.go:44.2,45.33 2 0
github.com/LEI/dot/cli/config/tasks/dir.go:38.24,39.18 1 0
github.com/LEI/dot/cli/config/tasks/dir.go:42.3,42.17 1 0
github.com/LEI/dot/cli/config/tasks/dir.go:39.18,41.4 1 0
github.com/LEI/dot/cli/config/tasks/dir.go:49.30,51.23 2 0
github.com/LEI/dot/cli/config/tasks/dir.go:57.2,58.16 2 0
github.com/LEI/dot/cli/config/tasks/dir.go:61.2,61.12 1 0
github.com/LEI/dot/cli/config/tasks/dir.go:68.2,69.33 2 0
github.com/LEI/dot/cli/config/tasks/dir.go:51.23,52.18 1 0
github.com/LEI/dot/cli/config/tasks/dir.go:55.3,55.17 1 0
github.com/LEI/dot/cli/config/tasks/dir.go:52.18,54.4 1 0
github.com/LEI/dot/cli/config/tasks/dir.go:58.16,60.3 1 0
github.com/LEI/dot/cli/config/tasks/dir.go:61.12,63.18 1 0
github.com/LEI/dot/cli/config/tasks/dir.go:66.3,66.17 1 0
github.com/LEI/dot/cli/config/tasks/dir.go:63.18,65.4 1 0
github.com/LEI/dot/cli/config/tasks/dir.go:80.35,90.2 1 0
github.com/LEI/dot/cli/config/tasks/dir.go:93.31,96.2 1 0
github.com/LEI/dot/cli/config/tasks/dir.go:99.46,102.16 3 0
github.com/LEI/dot/cli/config/tasks/dir.go:105.2,105.23 1 0
github.com/LEI/dot/cli/config/tasks/dir.go:111.2,112.12 2 0
github.com/LEI/dot/cli/config/tasks/dir.go:102.16,104.3 1 0
github.com/LEI/dot/cli/config/tasks/dir.go:105.23,110.3 2 0
github.com/LEI/dot/cli/config/tasks/exec.go:31.32,33.2 1 0
github.com/LEI/dot/cli/config/tasks/exec.go:36.30,37.21 1 0
github.com/LEI/dot/cli/config/tasks/exec.go:40.2,40.18 1 0
github.com/LEI/dot/cli/config/tasks/exec.go:50.2,50.12 1 0
github.com/LEI/dot/cli/config/tasks/exec.go:37.21,39.3 1 0
github.com/LEI/dot/cli/config/tasks/exec.go:40.18,42.3 1 0
github.com/LEI/dot/cli/config/tasks/exec.go:54.32,55.18 1 0
github.com/LEI/dot/cli/config/tasks/exec.go:58.2,58.45 1 0
github.com/LEI/dot/cli/config/tasks/exec.go:61.2,62.24 2 0
github.com/LEI/dot/cli/config/tasks/exec.go:68.2,70.19 2 0
github.com/LEI/dot/cli/config/tasks/exec.go:73.2,73.19 1 0
github.com/LEI/dot/cli/config/tasks/exec.go:76.2,79.19 4 0
github.com/LEI/dot/cli/config/tasks/exec.go:82.2,82.18 1 0
github.com/LEI/dot/cli/config/tasks/exec.go:55.18,57.3 1 0
github.com/LEI/dot/cli/config/tasks/exec.go:58.45,60.3 1 0
github.com/LEI/dot/cli/config/tasks/exec.go:62.24,63.18 1 0
github.com/LEI/dot/cli/config/tasks/exec.go:66.3,66.17 1 0
github.com/LEI/dot/cli/config/tasks/exec.go:63.18,65.4 1 0
github.com/LEI/dot/cli/config/tasks/exec.go:70.19,72.3 1 0
github.com/LEI/dot/cli/config/tasks/exec.go:73.19,75.3 1 0
github.com/LEI/dot/cli/config/tasks/exec.go:79.19,81.3 1 0
github.com/LEI/dot/cli/config/tasks/exec.go:86.31,87.18 1 0
github.com/LEI/dot/cli/config/tasks/exec.go:90.2,90.44 1 0
github.com/LEI/dot/cli/config/tasks/exec.go:93.2,94.23 2 0
github.com/LEI/dot/cli/config/tasks/exec.go:100.2,102.19 2 0
github.com/LEI/dot/cli/config/tasks/exec.go:105.2,105.19 1 0
github.com/LEI/dot/cli/config/tasks/exec.go:108.2,111.19 4 0
github.com/LEI/dot/cli/config/tasks/exec.go:114.2,114.18 1 0
github.com/LEI/dot/cli/config/tasks/exec.go:87.18,89.3 1 0
github.com/LEI/dot/cli/config/tasks/exec.go:90.44,92.3 1 0
github.com/LEI/dot/cli/config/tasks/exec.go:94.23,95.18 1 0
github.com/LEI/dot/cli/config/tasks/exec.go:98.3,98.17 1 0
github.com/LEI/dot/cli/config/tasks/exec.go:95.18,97.4 1 0
github.com/LEI/dot/cli/config/tasks/exec.go:102.19,104.3 1 0
github.com/LEI/dot/cli/config/tasks/exec.go:105.19,107.3 1 0
github.com/LEI/dot/cli/config/tasks/exec.go:111.19,113.3 1 0
github.com/LEI/dot/cli/config/tasks/exec.go:120.43,130.2 1 0
github.com/LEI/dot/cli/config/tasks/exec.go:133.54,136.16 3 0
github.com/LEI/dot/cli/config/tasks/exec.go:139.2,139.23 1 0
github.com/LEI/dot/cli/config/tasks/exec.go:155.2,156.12 2 0
github.com/LEI/dot/cli/config/tasks/exec.go:136.16,138.3 1 0
github.com/LEI/dot/cli/config/tasks/exec.go:139.23,141.26 2 0
github.com/LEI/dot/cli/config/tasks/exec.go:153.3,153.13 1 0
github.com/LEI/dot/cli/config/tasks/exec.go:142.15,144.19 1 0
github.com/LEI/dot/cli/config/tasks/exec.go:145.19,146.32 1 0
github.com/LEI/dot/cli/config/tasks/exec.go:147.20,148.19 1 0
github.com/LEI/dot/cli/config/tasks/exec.go:149.11,150.51 1 0
github.com/LEI/dot/cli/config/tasks/exec.go:160.39,162.2 1 0
github.com/LEI/dot/cli/config/tasks/line.go:16.32,18.2 1 0
github.com/LEI/dot/cli/config/tasks/line.go:21.30,22.18 1 0
github.com/LEI/dot/cli/config/tasks/line.go:28.2,29.13 2 0
github.com/LEI/dot/cli/config/tasks/line.go:35.2,35.12 1 0
github.com/LEI/dot/cli/config/tasks/line.go:22.18,24.3 1 0
github.com/LEI/dot/cli/config/tasks/line.go:30.34,31.11 1 0
github.com/LEI/dot/cli/config/tasks/line.go:32.10,33.13 1 0
github.com/LEI/dot/cli/config/tasks/line.go:39.32,41.24 2 0
github.com/LEI/dot/cli/config/tasks/line.go:47.2,48.42 2 0
github.com/LEI/dot/cli/config/tasks/line.go:41.24,42.18 1 0
github.com/LEI/dot/cli/config/tasks/line.go:45.3,45.17 1 0
github.com/LEI/dot/cli/config/tasks/line.go:42.18,44.4 1 0
github.com/LEI/dot/cli/config/tasks/line.go:52.31,54.23 2 0
github.com/LEI/dot/cli/config/tasks/line.go:60.2,61.42 2 0
github.com/LEI/dot/cli/config/tasks/line.go:54.23,55.18 1 0
github.com/LEI/dot/cli/config/tasks/line.go:58.3,58.17 1 0
github.com/LEI/dot/cli/config/tasks/line.go:55.18,57.4 1 0
github.com/LEI/dot/cli/config/tasks/line.go:67.37,69.2 1 0
github.com/LEI/dot/cli/config/tasks/line.go:72.48,75.16 3 0
github.com/LEI/dot/cli/config/tasks/line.go:78.2,78.23 1 0
github.com/LEI/dot/cli/config/tasks/line.go:86.2,87.12 2 0
github.com/LEI/dot/cli/config/tasks/line.go:75.16,77.3 1 0
github.com/LEI/dot/cli/config/tasks/line.go:78.23,85.3 2 0
github.com/LEI/dot/cli/config/tasks/line.go:91.33,93.2 1 0
github.com/LEI/dot/cli/config/tasks/link.go:18.32,20.2 1 0
github.com/LEI/dot/cli/config/tasks/link.go:23.30,24.20 1 0
github.com/LEI/dot/cli/config/tasks/link.go:30.2,31.13 2 0
github.com/LEI/dot/cli/config/tasks/link.go:37.2,37.12 1 0
github.com/LEI/dot/cli/config/tasks/link.go:24.20,26.3 1 0
github.com/LEI/dot/cli/config/tasks/link.go:32.34,33.11 1 0
github.com/LEI/dot/cli/config/tasks/link.go:34.10,35.13 1 0
github.com/LEI/dot/cli/config/tasks/link.go:41.32,43.24 2 0
github.com/LEI/dot/cli/config/tasks/link.go:49.2,50.43 2 0
github.com/LEI/dot/cli/config/tasks/link.go:43.24,44.18 1 0
github.com/LEI/dot/cli/config/tasks/link.go:47.3,47.17 1 0
github.com/LEI/dot/cli/config/tasks/link.go:44.18,46.4 1 0
github.com/LEI/dot/cli/config/tasks/link.go:54.31,56.23 2 0
github.com/LEI/dot/cli/config/tasks/link.go:62.2,63.32 2 0
github.com/LEI/dot/cli/config/tasks/link.go:56.23,57.18 1 0
github.com/LEI/dot/cli/config/tasks/link.go:60.3,60.17 1 0
github.com/LEI/dot/cli/config/tasks/link.go:57.18,59.4 1 0
github.com/LEI/dot/cli/config/tasks/link.go:69.37,79.2 1 0
github.com/LEI/dot/cli/config/tasks/link.go:82.48,85.16 3 0
github.com/LEI/dot/cli/config/tasks/link.go:88.2,88.23 1 0
github.com/LEI/dot/cli/config/tasks/link.go:96.2,97.12 2 0
github.com/LEI/dot/cli/config/tasks/link.go:85.16,87.3 1 0
github.com/LEI/dot/cli/config/tasks/link.go:88.23,95.3 2 0
github.com/LEI/dot/cli/config/tasks/link.go:101.33,103.2 1 0
github.com/LEI/dot/cli/config/tasks/package.go:24.35,26.2 1 0
github.com/LEI/dot/cli/config/tasks/package.go:29.33,30.18 1 0
github.com/LEI/dot/cli/config/tasks/package.go:33.2,33.18 1 0
github.com/LEI/dot/cli/config/tasks/package.go:36.2,36.12 1 0
github.com/LEI/dot/cli/config/tasks/package.go:30.18,32.3 1 0
github.com/LEI/dot/cli/config/tasks/package.go:33.18,35.3 1 0
github.com/LEI/dot/cli/config/tasks/package.go:40.35,41.18 1 0
github.com/LEI/dot/cli/config/tasks/package.go:45.2,45.24 1 0
github.com/LEI/dot/cli/config/tasks/package.go:52.2,52.47 1 0
github.com/LEI/dot/cli/config/tasks/package.go:41.18,43.3 1 0
github.com/LEI/dot/cli/config/tasks/package.go:45.24,50.3 1 0
github.com/LEI/dot/cli/config/tasks/package.go:56.34,57.18 1 0
github.com/LEI/dot/cli/config/tasks/package.go:61.2,61.23 1 0
github.com/LEI/dot/cli/config/tasks/package.go:68.2,68.46 1 0
github.com/LEI/dot/cli/config/tasks/package.go:57.18,59.3 1 0
github.com/LEI/dot/cli/config/tasks/package.go:61.23,66.3 1 0
github.com/LEI/dot/cli/config/tasks/package.go:74.43,84.2 1 0
github.com/LEI/dot/cli/config/tasks/package.go:87.54,90.16 3 0
github.com/LEI/dot/cli/config/tasks/package.go:93.2,93.23 1 0
github.com/LEI/dot/cli/config/tasks/package.go:109.2,110.12 2 0
github.com/LEI/dot/cli/config/tasks/package.go:90.16,92.3 1 0
github.com/LEI/dot/cli/config/tasks/package.go:93.23,95.26 2 0
github.com/LEI/dot/cli/config/tasks/package.go:107.3,107.13 1 0
github.com/LEI/dot/cli/config/tasks/package.go:96.15,98.16 1 0
github.com/LEI/dot/cli/config/tasks/package.go:99.19,100.32 1 0
github.com/LEI/dot/cli/config/tasks/package.go:101.20,102.22 1 0
github.com/LEI/dot/cli/config/tasks/package.go:103.11,104.48 1 0
github.com/LEI/dot/cli/config/tasks/package.go:114.42,116.2 1 0
